An error occurred while executing the following cell:
------------------
from warnings import filterwarnings

import jax
from jax import vmap, jit
import jax.numpy as jnp
from jax.random import PRNGKey, split, normal
import jax.random as random
import numpy as np

try:
    import blackjax
except ModuleNotFoundError:
    %pip install -qq blackjax
    import blackjax

try:
    import distrax
except ModuleNotFoundError:
    %pip install -qq distrax
    import distrax
try:
    import tensorflow_probability.substrates.jax.distributions as tfd
except ModuleNotFoundError:
    %pip install -qq tensorflow-probability
    import tensorflow_probability.substrates.jax.distributions as tfd

import sklearn
from sklearn import datasets
from sklearn.preprocessing import scale
from sklearn.model_selection import train_test_split
from sklearn.datasets import make_moons

import seaborn as sns
import matplotlib.pyplot as plt

from functools import partial

filterwarnings("ignore")
sns.set_style("white")

cmap = sns.diverging_palette(250, 12, s=85, l=25, as_cmap=True)
cmap_uncertainty = sns.cubehelix_palette(light=1, as_cmap=True)
------------------

---------------------------------------------------------------------------
ModuleNotFoundError                       Traceback (most recent call last)
/tmp/ipykernel_3762/2927936185.py in <module>
     10 try:
---> 11     import blackjax
     12 except ModuleNotFoundError:

~/miniconda3/envs/py37/lib/python3.7/site-packages/blackjax/__init__.py in <module>
      2 from .diagnostics import potential_scale_reduction as rhat
----> 3 from .kernels import (
      4     adaptive_tempered_smc,

~/miniconda3/envs/py37/lib/python3.7/site-packages/blackjax/kernels.py in <module>
      5 
----> 6 import blackjax.adaptation as adaptation
      7 import blackjax.mcmc as mcmc

~/miniconda3/envs/py37/lib/python3.7/site-packages/blackjax/adaptation/__init__.py in <module>
----> 1 from . import pathfinder_adaptation, window_adaptation
      2 
      3 __all__ = ["window_adaptation", "pathfinder_adaptation"]

~/miniconda3/envs/py37/lib/python3.7/site-packages/blackjax/adaptation/pathfinder_adaptation.py in <module>
      6 
----> 7 from blackjax.adaptation.step_size import (
      8     DualAveragingAdaptationState,

~/miniconda3/envs/py37/lib/python3.7/site-packages/blackjax/adaptation/step_size.py in <module>
      6 
----> 7 import blackjax.optimizers.dual_averaging as dual_averaging
      8 from blackjax.mcmc.hmc import HMCState

~/miniconda3/envs/py37/lib/python3.7/site-packages/blackjax/optimizers/__init__.py in <module>
----> 1 from . import dual_averaging, lbfgs
      2 
      3 __all__ = [

~/miniconda3/envs/py37/lib/python3.7/site-packages/blackjax/optimizers/lbfgs.py in <module>
      5 import jax.random
----> 6 import jaxopt
      7 from jax import lax

ModuleNotFoundError: No module named 'jaxopt'

During handling of the above exception, another exception occurred:

ImportError                               Traceback (most recent call last)
/tmp/ipykernel_3762/2927936185.py in <module>
     12 except ModuleNotFoundError:
     13     get_ipython().run_line_magic('pip', 'install -qq blackjax')
---> 14     import blackjax
     15 
     16 try:

~/miniconda3/envs/py37/lib/python3.7/site-packages/blackjax/__init__.py in <module>
      1 from .diagnostics import effective_sample_size as ess
      2 from .diagnostics import potential_scale_reduction as rhat
----> 3 from .kernels import (
      4     adaptive_tempered_smc,
      5     elliptical_slice,

~/miniconda3/envs/py37/lib/python3.7/site-packages/blackjax/kernels.py in <module>
      4 import jax.numpy as jnp
      5 
----> 6 import blackjax.adaptation as adaptation
      7 import blackjax.mcmc as mcmc
      8 import blackjax.sgmcmc as sgmcmc

~/miniconda3/envs/py37/lib/python3.7/site-packages/blackjax/adaptation/__init__.py in <module>
----> 1 from . import pathfinder_adaptation, window_adaptation
      2 
      3 __all__ = ["window_adaptation", "pathfinder_adaptation"]

~/miniconda3/envs/py37/lib/python3.7/site-packages/blackjax/adaptation/pathfinder_adaptation.py in <module>
      5 import jax.numpy as jnp
      6 
----> 7 from blackjax.adaptation.step_size import (
      8     DualAveragingAdaptationState,
      9     dual_averaging_adaptation,

~/miniconda3/envs/py37/lib/python3.7/site-packages/blackjax/adaptation/step_size.py in <module>
      5 import jax.numpy as jnp
      6 
----> 7 import blackjax.optimizers.dual_averaging as dual_averaging
      8 from blackjax.mcmc.hmc import HMCState
      9 

ImportError: cannot import name 'optimizers' from 'blackjax' (/github/home/miniconda3/envs/py37/lib/python3.7/site-packages/blackjax/__init__.py)
ImportError: cannot import name 'optimizers' from 'blackjax' (/github/home/miniconda3/envs/py37/lib/python3.7/site-packages/blackjax/__init__.py)
